<?xml version="1.0" encoding="UTF-8"?>
<!-- Generated by org.testng.reporters.JUnitReportReporter -->
<testsuite hostname="AL-AMIN" failures="0" tests="1" name="test.Test_POST_Method" time="2.382" errors="0" timestamp="2025-01-25T17:47:38 EST" skipped="0">
  <testcase classname="test.Test_POST_Method" name="testPost" time="2.382"/>
</testsuite> <!-- test.Test_POST_Method -->
