<?xml version="1.0" encoding="UTF-8"?>
<!-- Generated by org.testng.reporters.JUnitReportReporter -->
<testsuite hostname="AL-AMIN" failures="0" tests="1" name="test.API_Test" time="1.974" errors="0" timestamp="2025-01-25T16:43:39 EST" skipped="0">
  <testcase classname="test.API_Test" name="testGET_2" time="1.974"/>
</testsuite> <!-- test.API_Test -->
