<?xml version="1.0" encoding="UTF-8"?>
<!-- Generated by org.testng.reporters.JUnitReportReporter -->
<testsuite hostname="AL-AMIN" failures="0" tests="1" name="test.Test_PUT_Patch_Method" time="2.322" errors="0" timestamp="2025-01-25T17:42:15 EST" skipped="0">
  <testcase classname="test.Test_PUT_Patch_Method" name="test_Patch_Method" time="2.322"/>
</testsuite> <!-- test.Test_PUT_Patch_Method -->
